###########  HOST SYSTEM VARIABLES  ##########
CMAKE_HOST_SYSTEM_NAME:        Windows
CMAKE_HOST_SYSTEM_VERSION:     10.0.19043
CMAKE_HOST_SYSTEM_PROCESSOR:   AMD64
CMAKE_SYSTEM_NAME:             Windows
CMAKE_LIBRARY_ARCHITECTURE:    
ENV(USERNAME):                 Administrator
ENV(USER):	    				
DIGITALKNOB:                   C:/Users/Administrator/digitalknob
3RDPARTY:                      C:/Users/Administrator/digitalknob/DK/3rdParty
DKPLUGINS:                     C:/Users/Administrator/digitalknob/DK/DKPlugins


#############  PROJECT VARIABLES  ############
APP_NAME:           1__DKCore
DKPROJECT:          C:/Users/Administrator/digitalknob/DKTestApps/DKApps/1_ DKCore
CMAKE_BINARY_DIR:   C:/Users/Administrator/digitalknob/DKTestApps/DKApps/1_ DKCore/win32
DEBUG_DIR:          Debug
RELEASE_DIR:        Release
CMAKE_GENERATOR:    Visual Studio 17 2022
VS_STARTUP_PROJECT: 
CMAKE_C_FLAGS:      /DWIN32 /D_WINDOWS /W3 /nologo /std:c17
CMAKE_CXX_FLAGS:    /DWIN32 /D_WINDOWS /W3 /nologo /GR /EHsc /Zm500 /D_WIN32_WINNT=0x0600 /D_USING_V110_SDK71_ /std:c17 /std:c++17
OS:                 win32
DEBUG:              ON
RELEASE:            ON
BUILD:              OFF
REBUILD:            OFF
REBUILDALL:         ON
LIB_TYPE:           
OPENGL2:            
USE_SHADERS:        
DKCEF:              OFF
WIN:                ON
WIN_32:             ON
WIN_64:             
MAC:                
MAC_32:             
MAC_64:             
IOS:                
IOS_32:             
IOS_64:             
IOSSIM:             
IOSSIM_32:          
IOSSIM_64:          
LINUX:              
LINUX_32:           
LINUX_64:           
ANDROID:            
ANDROID_32:         
ANDROID_64:         
RASPBERRY:          
RASPBERRY_32:       
RASPBERRY_64:       


############################################################
######  Enabled Dependencies (sorted by dependency)  #######
############################################################
git
cmake
visualstudio
imagemagick
boxer
DK




 1__DKCore Include Libraries 

Psapi.lib
pdh.lib
Dxva2.dll debug
C:/Users/Administrator/digitalknob/DK/3rdParty/boxer-master/win32/Debug/Boxer.lib
debug
C:/Users/Administrator/digitalknob/DK/DKPlugins/DK/win32/Debug/DK.lib optimized
C:/Users/Administrator/digitalknob/DK/3rdParty/boxer-master/win32/Release/Boxer.lib
optimized
C:/Users/Administrator/digitalknob/DK/DKPlugins/DK/win32/Release/DK.lib


 *** Compiler Options and Flags *** 

                APP_NAME:  1__DKCore
     COMPILE_DEFINITIONS:  
           DEFINE_SYMBOL:  
         COMPILE_OPTIONS:  
      CMAKE_CXX_STANDARD:  
           CMAKE_C_FLAGS:  /DWIN32 /D_WINDOWS /W3 /nologo /std:c17
     CMAKE_C_FLAGS_DEBUG:  /MTd /Od /Ob0 /Zi /RTC1 /DDEBUG /D_DEBUG
   CMAKE_C_FLAGS_RELEASE:  /MT /O2 /Ob2 /DNDEBUG
         CMAKE_CXX_FLAGS:  /DWIN32 /D_WINDOWS /W3 /nologo /GR /EHsc /Zm500 /D_WIN32_WINNT=0x0600 /D_USING_V110_SDK71_ /std:c17 /std:c++17
   CMAKE_CXX_FLAGS_DEBUG:  /MTd /Od /Ob0 /Zi /RTC1 /DDEBUG /D_DEBUG
 CMAKE_CXX_FLAGS_RELEASE:  /MT /O2 /Ob2 /DNDEBUG
     INCLUDE_DIRECTORIES:  
        LINK_DIRECTORIES:  
  STATIC_LIBRARY_OPTIONS:  
             DEBUG_FLAGS:  /MANIFEST:NO /MANIFESTUAC:NO /level='highestAvailable' /uiAccess='true' /SUBSYSTEM:CONSOLE,5.01 /SAFESEH:NO
           RELEASE_FLAGS:  /INCREMENTAL:NO /OPT:NOREF /MANIFEST:NO /MANIFESTUAC:NO /level='highestAvailable' /uiAccess='true' /SUBSYSTEM:CONSOLE,5.01 /SAFESEH:NO
                   FLAGS:  /W4 /nologo /Zm500 /EHsc /GR /D_WIN32_WINNT=0x0600 /D_USING_V110_SDK71_ /std:c17 /std:c++17 /Zc:__cplusplus $<$<CONFIG:Debug>:/MTd /Od /Ob0 /Zi /RTC1 /DDEBUG /D_DEBUG> $<$<CONFIG:Release>:/MT /O2 /Ob2 /DNDEBUG>
          DKDEFINES_LIST:  _CRT_SECURE_NO_WARNINGS;USE_DK
         DKINCLUDES_LIST:  C:/Users/Administrator/digitalknob/DK/3rdParty/boxer-master/include;C:/Users/Administrator/digitalknob/DK/3rdParty/boxer-master/win32
         DKLINKDIRS_LIST:  
